[11-Mar-2024 21:14:09 UTC] PHP Warning:  filemtime(): stat failed for D:\Local sites\koukaki\app\public/wp-content/themes/foce-child/css/theme.css in D:\Local sites\koukaki\app\public\wp-content\themes\foce-child\functions.php on line 8
[11-Mar-2024 21:14:09 UTC] PHP Warning:  filemtime(): stat failed for D:\Local sites\koukaki\app\public/wp-content/themes/foce-child/css/theme.css in D:\Local sites\koukaki\app\public\wp-content\themes\foce-child\functions.php on line 8
[11-Mar-2024 21:14:43 UTC] PHP Warning:  filemtime(): stat failed for D:\Local sites\koukaki\app\public/wp-content/themes/foce-child/css/theme.css in D:\Local sites\koukaki\app\public\wp-content\themes\foce-child\functions.php on line 8
[11-Mar-2024 21:14:43 UTC] PHP Warning:  filemtime(): stat failed for D:\Local sites\koukaki\app\public/wp-content/themes/foce-child/css/theme.css in D:\Local sites\koukaki\app\public\wp-content\themes\foce-child\functions.php on line 8
[11-Mar-2024 21:17:38 UTC] PHP Warning:  filemtime(): stat failed for D:\Local sites\koukaki\app\public/wp-content/themes/foce-child/css/theme.css in D:\Local sites\koukaki\app\public\wp-content\themes\foce-child\functions.php on line 8
[11-Mar-2024 21:17:39 UTC] PHP Warning:  filemtime(): stat failed for D:\Local sites\koukaki\app\public/wp-content/themes/foce-child/css/theme.css in D:\Local sites\koukaki\app\public\wp-content\themes\foce-child\functions.php on line 8
[11-Mar-2024 21:25:14 UTC] PHP Warning:  filemtime(): stat failed for D:\Local sites\koukaki\app\public/wp-content/themes/foce-child/css/theme.css in D:\Local sites\koukaki\app\public\wp-content\themes\foce-child\functions.php on line 8
[11-Mar-2024 21:25:14 UTC] PHP Warning:  filemtime(): stat failed for D:\Local sites\koukaki\app\public/wp-content/themes/foce-child/css/theme.css in D:\Local sites\koukaki\app\public\wp-content\themes\foce-child\functions.php on line 8
[11-Mar-2024 21:26:54 UTC] PHP Warning:  filemtime(): stat failed for D:\Local sites\koukaki\app\public/wp-content/themes/foce-child/css\sass/theme.css in D:\Local sites\koukaki\app\public\wp-content\themes\foce-child\functions.php on line 8
[11-Mar-2024 21:26:54 UTC] PHP Warning:  filemtime(): stat failed for D:\Local sites\koukaki\app\public/wp-content/themes/foce-child/css\sass/theme.css in D:\Local sites\koukaki\app\public\wp-content\themes\foce-child\functions.php on line 8
[11-Mar-2024 21:27:58 UTC] PHP Warning:  filemtime(): stat failed for D:\Local sites\koukaki\app\public/wp-content/themes/foce-child/css/sass/theme.css in D:\Local sites\koukaki\app\public\wp-content\themes\foce-child\functions.php on line 8
[11-Mar-2024 21:27:58 UTC] PHP Warning:  filemtime(): stat failed for D:\Local sites\koukaki\app\public/wp-content/themes/foce-child/css/sass/theme.css in D:\Local sites\koukaki\app\public\wp-content\themes\foce-child\functions.php on line 8
[11-Mar-2024 22:18:38 UTC] PHP Warning:  filemtime(): stat failed for D:\Local sites\koukaki\app\public/wp-content/themes/foce-child/css/sass/theme.css in D:\Local sites\koukaki\app\public\wp-content\themes\foce-child\functions.php on line 8
[11-Mar-2024 22:18:39 UTC] PHP Warning:  filemtime(): stat failed for D:\Local sites\koukaki\app\public/wp-content/themes/foce-child/css/sass/theme.css in D:\Local sites\koukaki\app\public\wp-content\themes\foce-child\functions.php on line 8
[11-Mar-2024 22:18:41 UTC] PHP Warning:  filemtime(): stat failed for D:\Local sites\koukaki\app\public/wp-content/themes/foce-child/css/sass/theme.css in D:\Local sites\koukaki\app\public\wp-content\themes\foce-child\functions.php on line 8
[11-Mar-2024 22:18:41 UTC] PHP Warning:  filemtime(): stat failed for D:\Local sites\koukaki\app\public/wp-content/themes/foce-child/css/sass/theme.css in D:\Local sites\koukaki\app\public\wp-content\themes\foce-child\functions.php on line 8
[15-Mar-2024 21:25:13 UTC] PHP Warning:  Undefined variable $characters_query in D:\Local sites\koukaki\app\public\wp-content\themes\foce-child\front-page.php on line 44
[15-Mar-2024 21:25:13 UTC] PHP Warning:  Attempt to read property "posts" on null in D:\Local sites\koukaki\app\public\wp-content\themes\foce-child\front-page.php on line 44
[15-Mar-2024 21:25:13 UTC] PHP Warning:  Trying to access array offset on value of type null in D:\Local sites\koukaki\app\public\wp-content\themes\foce-child\front-page.php on line 44
[15-Mar-2024 21:25:13 UTC] PHP Warning:  Attempt to read property "ID" on null in D:\Local sites\koukaki\app\public\wp-content\themes\foce-child\front-page.php on line 46
[15-Mar-2024 21:25:13 UTC] PHP Warning:  Attempt to read property "post_title" on null in D:\Local sites\koukaki\app\public\wp-content\themes\foce-child\front-page.php on line 47
[15-Mar-2024 21:25:13 UTC] PHP Warning:  Undefined variable $characters_query in D:\Local sites\koukaki\app\public\wp-content\themes\foce-child\front-page.php on line 49
[15-Mar-2024 21:25:13 UTC] PHP Fatal error:  Uncaught Error: Call to a member function next_post() on null in D:\Local sites\koukaki\app\public\wp-content\themes\foce-child\front-page.php:49
Stack trace:
#0 D:\Local sites\koukaki\app\public\wp-includes\template-loader.php(106): include()
#1 D:\Local sites\koukaki\app\public\wp-blog-header.php(19): require_once('D:\\Local sites\\...')
#2 D:\Local sites\koukaki\app\public\index.php(17): require('D:\\Local sites\\...')
#3 {main}
  thrown in D:\Local sites\koukaki\app\public\wp-content\themes\foce-child\front-page.php on line 49
[15-Mar-2024 22:03:39 UTC] PHP Warning:  Undefined variable $characters_query in D:\Local sites\koukaki\app\public\wp-content\themes\foce-child\front-page.php on line 44
[15-Mar-2024 22:03:39 UTC] PHP Warning:  Attempt to read property "posts" on null in D:\Local sites\koukaki\app\public\wp-content\themes\foce-child\front-page.php on line 44
[15-Mar-2024 22:03:39 UTC] PHP Warning:  Trying to access array offset on value of type null in D:\Local sites\koukaki\app\public\wp-content\themes\foce-child\front-page.php on line 44
[15-Mar-2024 22:03:39 UTC] PHP Warning:  Attempt to read property "ID" on null in D:\Local sites\koukaki\app\public\wp-content\themes\foce-child\front-page.php on line 46
[15-Mar-2024 22:03:39 UTC] PHP Warning:  Attempt to read property "post_title" on null in D:\Local sites\koukaki\app\public\wp-content\themes\foce-child\front-page.php on line 47
[15-Mar-2024 22:03:39 UTC] PHP Warning:  Undefined variable $characters_query in D:\Local sites\koukaki\app\public\wp-content\themes\foce-child\front-page.php on line 49
[15-Mar-2024 22:03:39 UTC] PHP Fatal error:  Uncaught Error: Call to a member function next_post() on null in D:\Local sites\koukaki\app\public\wp-content\themes\foce-child\front-page.php:49
Stack trace:
#0 D:\Local sites\koukaki\app\public\wp-includes\template-loader.php(106): include()
#1 D:\Local sites\koukaki\app\public\wp-blog-header.php(19): require_once('D:\\Local sites\\...')
#2 D:\Local sites\koukaki\app\public\index.php(17): require('D:\\Local sites\\...')
#3 {main}
  thrown in D:\Local sites\koukaki\app\public\wp-content\themes\foce-child\front-page.php on line 49
[17-Mar-2024 16:30:50 UTC] PHP Warning:  Undefined variable $characters_query in D:\Local sites\koukaki\app\public\wp-content\themes\foce-child\template-parts\characters.php on line 15
[17-Mar-2024 16:30:50 UTC] PHP Fatal error:  Uncaught Error: Call to a member function have_posts() on null in D:\Local sites\koukaki\app\public\wp-content\themes\foce-child\template-parts\characters.php:15
Stack trace:
#0 D:\Local sites\koukaki\app\public\wp-includes\template.php(792): require()
#1 D:\Local sites\koukaki\app\public\wp-includes\template.php(725): load_template('D:\\Local sites\\...', false, Array)
#2 D:\Local sites\koukaki\app\public\wp-includes\general-template.php(206): locate_template(Array, true, false, Array)
#3 D:\Local sites\koukaki\app\public\wp-content\themes\foce-child\front-page.php(28): get_template_part('template-parts/...')
#4 D:\Local sites\koukaki\app\public\wp-includes\template-loader.php(106): include('D:\\Local sites\\...')
#5 D:\Local sites\koukaki\app\public\wp-blog-header.php(19): require_once('D:\\Local sites\\...')
#6 D:\Local sites\koukaki\app\public\index.php(17): require('D:\\Local sites\\...')
#7 {main}
  thrown in D:\Local sites\koukaki\app\public\wp-content\themes\foce-child\template-parts\characters.php on line 15
[17-Mar-2024 16:31:38 UTC] PHP Warning:  Undefined variable $characters_query in D:\Local sites\koukaki\app\public\wp-content\themes\foce-child\template-parts\characters.php on line 16
[17-Mar-2024 16:31:38 UTC] PHP Fatal error:  Uncaught Error: Call to a member function have_posts() on null in D:\Local sites\koukaki\app\public\wp-content\themes\foce-child\template-parts\characters.php:16
Stack trace:
#0 D:\Local sites\koukaki\app\public\wp-includes\template.php(792): require()
#1 D:\Local sites\koukaki\app\public\wp-includes\template.php(725): load_template('D:\\Local sites\\...', false, Array)
#2 D:\Local sites\koukaki\app\public\wp-includes\general-template.php(206): locate_template(Array, true, false, Array)
#3 D:\Local sites\koukaki\app\public\wp-content\themes\foce-child\front-page.php(28): get_template_part('template-parts/...')
#4 D:\Local sites\koukaki\app\public\wp-includes\template-loader.php(106): include('D:\\Local sites\\...')
#5 D:\Local sites\koukaki\app\public\wp-blog-header.php(19): require_once('D:\\Local sites\\...')
#6 D:\Local sites\koukaki\app\public\index.php(17): require('D:\\Local sites\\...')
#7 {main}
  thrown in D:\Local sites\koukaki\app\public\wp-content\themes\foce-child\template-parts\characters.php on line 16
[18-Mar-2024 13:45:33 UTC] PHP Fatal error:  Uncaught Error: Undefined constant "console" in D:\Local sites\koukaki\app\public\wp-content\themes\foce-child\template-parts\characters.php:2
Stack trace:
#0 D:\Local sites\koukaki\app\public\wp-includes\template.php(792): require()
#1 D:\Local sites\koukaki\app\public\wp-includes\template.php(725): load_template('D:\\Local sites\\...', false, Array)
#2 D:\Local sites\koukaki\app\public\wp-includes\general-template.php(206): locate_template(Array, true, false, Array)
#3 D:\Local sites\koukaki\app\public\wp-content\themes\foce-child\front-page.php(31): get_template_part('template-parts/...')
#4 D:\Local sites\koukaki\app\public\wp-includes\template-loader.php(106): include('D:\\Local sites\\...')
#5 D:\Local sites\koukaki\app\public\wp-blog-header.php(19): require_once('D:\\Local sites\\...')
#6 D:\Local sites\koukaki\app\public\index.php(17): require('D:\\Local sites\\...')
#7 {main}
  thrown in D:\Local sites\koukaki\app\public\wp-content\themes\foce-child\template-parts\characters.php on line 2
[18-Mar-2024 13:47:02 UTC] PHP Fatal error:  Uncaught Error: Undefined constant "console" in D:\Local sites\koukaki\app\public\wp-content\themes\foce-child\template-parts\characters.php:2
Stack trace:
#0 D:\Local sites\koukaki\app\public\wp-includes\template.php(792): require()
#1 D:\Local sites\koukaki\app\public\wp-includes\template.php(725): load_template('D:\\Local sites\\...', false, Array)
#2 D:\Local sites\koukaki\app\public\wp-includes\general-template.php(206): locate_template(Array, true, false, Array)
#3 D:\Local sites\koukaki\app\public\wp-content\themes\foce-child\front-page.php(31): get_template_part('template-parts/...')
#4 D:\Local sites\koukaki\app\public\wp-includes\template-loader.php(106): include('D:\\Local sites\\...')
#5 D:\Local sites\koukaki\app\public\wp-blog-header.php(19): require_once('D:\\Local sites\\...')
#6 D:\Local sites\koukaki\app\public\index.php(17): require('D:\\Local sites\\...')
#7 {main}
  thrown in D:\Local sites\koukaki\app\public\wp-content\themes\foce-child\template-parts\characters.php on line 2
[18-Mar-2024 13:47:20 UTC] PHP Fatal error:  Uncaught Error: Undefined constant "console" in D:\Local sites\koukaki\app\public\wp-content\themes\foce-child\template-parts\characters.php:2
Stack trace:
#0 D:\Local sites\koukaki\app\public\wp-includes\template.php(792): require()
#1 D:\Local sites\koukaki\app\public\wp-includes\template.php(725): load_template('D:\\Local sites\\...', false, Array)
#2 D:\Local sites\koukaki\app\public\wp-includes\general-template.php(206): locate_template(Array, true, false, Array)
#3 D:\Local sites\koukaki\app\public\wp-content\themes\foce-child\front-page.php(31): get_template_part('template-parts/...')
#4 D:\Local sites\koukaki\app\public\wp-includes\template-loader.php(106): include('D:\\Local sites\\...')
#5 D:\Local sites\koukaki\app\public\wp-blog-header.php(19): require_once('D:\\Local sites\\...')
#6 D:\Local sites\koukaki\app\public\index.php(17): require('D:\\Local sites\\...')
#7 {main}
  thrown in D:\Local sites\koukaki\app\public\wp-content\themes\foce-child\template-parts\characters.php on line 2
[18-Mar-2024 13:47:52 UTC] PHP Fatal error:  Uncaught Error: Undefined constant "console" in D:\Local sites\koukaki\app\public\wp-content\themes\foce-child\template-parts\characters.php:2
Stack trace:
#0 D:\Local sites\koukaki\app\public\wp-includes\template.php(792): require()
#1 D:\Local sites\koukaki\app\public\wp-includes\template.php(725): load_template('D:\\Local sites\\...', false, Array)
#2 D:\Local sites\koukaki\app\public\wp-includes\general-template.php(206): locate_template(Array, true, false, Array)
#3 D:\Local sites\koukaki\app\public\wp-content\themes\foce-child\front-page.php(31): get_template_part('template-parts/...')
#4 D:\Local sites\koukaki\app\public\wp-includes\template-loader.php(106): include('D:\\Local sites\\...')
#5 D:\Local sites\koukaki\app\public\wp-blog-header.php(19): require_once('D:\\Local sites\\...')
#6 D:\Local sites\koukaki\app\public\index.php(17): require('D:\\Local sites\\...')
#7 {main}
  thrown in D:\Local sites\koukaki\app\public\wp-content\themes\foce-child\template-parts\characters.php on line 2
[19-Mar-2024 09:18:06 UTC] PHP Parse error:  syntax error, unexpected identifier "wp_enqueue_script" in D:\Local sites\koukaki\app\public\wp-content\themes\foce-child\functions.php on line 17
